e:\projects\shmup-opengl\shmup_opengl\debug\vc120.pdb
e:\projects\shmup-opengl\shmup_opengl\debug\vc120.idb
e:\projects\shmup-opengl\shmup_opengl\debug\datamanager.obj
e:\projects\shmup-opengl\shmup_opengl\debug\renderer.obj
e:\projects\shmup-opengl\shmup_opengl\debug\gamerunner.obj
e:\projects\shmup-opengl\shmup_opengl\debug\main.obj
e:\projects\shmup-opengl\shmup_opengl\debug\combatobject.obj
e:\projects\shmup-opengl\shmup_opengl\debug\itemmanager.obj
e:\projects\shmup-opengl\shmup_opengl\debug\battler.obj
e:\projects\shmup-opengl\shmup_opengl\debug\bullet.obj
e:\projects\shmup-opengl\shmup_opengl\debug\scene.obj
e:\projects\shmup-opengl\shmup_opengl\debug\gameworld.obj
e:\projects\shmup-opengl\shmup_opengl\debug\directbullet.obj
e:\projects\shmup-opengl\shmup_opengl\debug\enemy1.obj
e:\projects\shmup-opengl\shmup_opengl\debug\enemy2.obj
e:\projects\shmup-opengl\shmup_opengl\debug\explosionbullet.obj
e:\projects\shmup-opengl\shmup_opengl\debug\boss.obj
e:\projects\shmup-opengl\shmup_opengl\debug\input_state.obj
e:\projects\shmup-opengl\shmup_opengl\debug\player.obj
e:\projects\shmup-opengl\shmup_opengl\debug\battlescene.obj
e:\projects\shmup-opengl\shmup_opengl\debug\stgrunner.obj
e:\projects\shmup-opengl\shmup_opengl\debug\titlescene.obj
e:\projects\shmup-opengl\debug\shmup_opengl.exe
e:\projects\shmup-opengl\debug\shmup_opengl.pdb
e:\projects\shmup-opengl\shmup_opengl\debug\shmup_opengl.tlog\cl.command.1.tlog
e:\projects\shmup-opengl\shmup_opengl\debug\shmup_opengl.tlog\cl.read.1.tlog
e:\projects\shmup-opengl\shmup_opengl\debug\shmup_opengl.tlog\cl.write.1.tlog
e:\projects\shmup-opengl\shmup_opengl\debug\shmup_opengl.tlog\link.command.1.tlog
e:\projects\shmup-opengl\shmup_opengl\debug\shmup_opengl.tlog\link.read.1.tlog
e:\projects\shmup-opengl\shmup_opengl\debug\shmup_opengl.tlog\link.write.1.tlog
